<?xml version="1.0" encoding="UTF-8"?>
<!-- Generated by org.testng.reporters.JUnitXMLReporter -->
<testsuite ignored="0" hostname="LAPTOP-I0EIIDFA" failures="3" tests="5" name="Test" time="87.187" errors="0" timestamp="2023-03-08T16:00:25 IST">
  <testcase classname="com.orangehrm.test_cases.LoginTest_TC1" name="loginToApplication" time="9.841"/>
  <testcase classname="com.orangehrm.test_cases.LoginTest_TC1" name="loginToApplication" time="9.298">
    <failure type="java.lang.AssertionError" message="expected [true] but found [false]">
      <![CDATA[java.lang.AssertionError: expected [true] but found [false]
at com.orangehrm.test_cases.LoginTest_TC1.loginToApplication(LoginTest_TC1.java:38)
at java.base/java.util.ArrayList.forEach(ArrayList.java:1511)
... Removed 31 stack frames]]>
    </failure>
  </testcase> <!-- loginToApplication -->
  <testcase classname="com.orangehrm.test_cases.LoginTest_TC1" name="loginToApplication" time="9.389">
    <failure type="java.lang.AssertionError" message="expected [true] but found [false]">
      <![CDATA[java.lang.AssertionError: expected [true] but found [false]
at com.orangehrm.test_cases.LoginTest_TC1.loginToApplication(LoginTest_TC1.java:38)
at java.base/java.util.ArrayList.forEach(ArrayList.java:1511)
... Removed 31 stack frames]]>
    </failure>
  </testcase> <!-- loginToApplication -->
  <testcase classname="com.orangehrm.test_cases.LoginTest_TC1" name="loginToApplication" time="9.222">
    <failure type="java.lang.AssertionError" message="expected [true] but found [false]">
      <![CDATA[java.lang.AssertionError: expected [true] but found [false]
at com.orangehrm.test_cases.LoginTest_TC1.loginToApplication(LoginTest_TC1.java:38)
at java.base/java.util.ArrayList.forEach(ArrayList.java:1511)
... Removed 31 stack frames]]>
    </failure>
  </testcase> <!-- loginToApplication -->
  <testcase classname="com.orangehrm.test_cases.MyInforPageTest" name="verifyMyInfo" time="18.765"/>
</testsuite> <!-- Test -->
