<?xml version="1.0" encoding="UTF-8"?>
<!-- Generated by org.testng.reporters.JUnitXMLReporter -->
<testsuite ignored="0" hostname="LAPTOP-I0EIIDFA" failures="3" tests="4" name="Test" time="71.199" errors="0" timestamp="2023-03-13T20:03:57 IST">
  <testcase classname="com.orangehrm.test_cases.LoginTest_TC1" name="loginToApplication" time="9.719"/>
  <testcase classname="com.orangehrm.test_cases.LoginTest_TC1" name="loginToApplication" time="9.452">
    <failure type="java.lang.AssertionError" message="expected [true] but found [false]">
      <![CDATA[java.lang.AssertionError: expected [true] but found [false]
at com.orangehrm.test_cases.LoginTest_TC1.loginToApplication(LoginTest_TC1.java:30)
at java.base/java.util.ArrayList.forEach(ArrayList.java:1511)
... Removed 31 stack frames]]>
    </failure>
  </testcase> <!-- loginToApplication -->
  <testcase classname="com.orangehrm.test_cases.LoginTest_TC1" name="loginToApplication" time="9.395">
    <failure type="java.lang.AssertionError" message="expected [true] but found [false]">
      <![CDATA[java.lang.AssertionError: expected [true] but found [false]
at com.orangehrm.test_cases.LoginTest_TC1.loginToApplication(LoginTest_TC1.java:30)
at java.base/java.util.ArrayList.forEach(ArrayList.java:1511)
... Removed 31 stack frames]]>
    </failure>
  </testcase> <!-- loginToApplication -->
  <testcase classname="com.orangehrm.test_cases.LoginTest_TC1" name="loginToApplication" time="9.333">
    <failure type="java.lang.AssertionError" message="expected [true] but found [false]">
      <![CDATA[java.lang.AssertionError: expected [true] but found [false]
at com.orangehrm.test_cases.LoginTest_TC1.loginToApplication(LoginTest_TC1.java:30)
at java.base/java.util.ArrayList.forEach(ArrayList.java:1511)
... Removed 31 stack frames]]>
    </failure>
  </testcase> <!-- loginToApplication -->
</testsuite> <!-- Test -->
